<?xml version="1.0" encoding="UTF-8"?>
<!-- Generated by org.testng.reporters.JUnitXMLReporter -->
<testsuite ignored="6" hostname="Dell5548" failures="0" tests="3" name="Test" time="0.135" errors="0" timestamp="2025-05-06T15:09:56 IST">
  <testcase classname="pktest1.CreateOrgTest" name="modifyOrgTest" time="0.02"/>
  <testcase classname="pktest2.CreateProductTest" name="createProductTest" time="0.002"/>
  <testcase classname="pktest3.CreateContactTest" name="deleteContactTest" time="0.004"/>
  <testcase classname="pktest2.CreateProductTest" name="modifyProductTest" time="0.0">
    <ignored/>
  </testcase> <!-- modifyProductTest -->
  <testcase classname="pktest1.CreateOrgTest" name="createOrgTest" time="0.0">
    <ignored/>
  </testcase> <!-- createOrgTest -->
  <testcase classname="pktest3.CreateContactTest" name="createContactTest" time="0.0">
    <ignored/>
  </testcase> <!-- createContactTest -->
  <testcase classname="pktest2.CreateProductTest" name="deleteProductTest" time="0.0">
    <ignored/>
  </testcase> <!-- deleteProductTest -->
  <testcase classname="pktest1.CreateOrgTest" name="deleteOrgTest" time="0.0">
    <ignored/>
  </testcase> <!-- deleteOrgTest -->
  <testcase classname="pktest3.CreateContactTest" name="modifyContactTest" time="0.0">
    <ignored/>
  </testcase> <!-- modifyContactTest -->
</testsuite> <!-- Test -->
