<?xml version="1.0" encoding="UTF-8"?>
<testng-results ignored="6" total="9" passed="3" failed="0" skipped="0">
  <reporter-output>
  </reporter-output>
  <suite started-at="2025-05-06T15:09:56 IST" name="Suite" finished-at="2025-05-06T15:09:56 IST" duration-ms="135">
    <groups>
      <group name="SmokeTest">
        <method signature="CreateProductTest.createProductTest()[pri:0, instance:pktest2.CreateProductTest@6e6f2380]" name="createProductTest" class="pktest2.CreateProductTest"/>
      </group> <!-- SmokeTest -->
      <group name="RegressionTest">
        <method signature="CreateOrgTest.modifyOrgTest()[pri:0, instance:pktest1.CreateOrgTest@63376bed]" name="modifyOrgTest" class="pktest1.CreateOrgTest"/>
        <method signature="CreateContactTest.deleteContactTest()[pri:0, instance:pktest3.CreateContactTest@76a4ebf2]" name="deleteContactTest" class="pktest3.CreateContactTest"/>
      </group> <!-- RegressionTest -->
    </groups>
    <test started-at="2025-05-06T15:09:56 IST" name="Test" finished-at="2025-05-06T15:09:56 IST" duration-ms="135">
      <class name="pktest3.CreateContactTest">
        <test-method signature="deleteContactTest()[pri:0, instance:pktest3.CreateContactTest@76a4ebf2]" started-at="2025-05-06T15:09:56 IST" name="deleteContactTest" finished-at="2025-05-06T15:09:56 IST" duration-ms="4" status="PASS">
          <reporter-output>
          </reporter-output>
        </test-method> <!-- deleteContactTest -->
      </class> <!-- pktest3.CreateContactTest -->
      <class name="pktest2.CreateProductTest">
        <test-method signature="createProductTest()[pri:0, instance:pktest2.CreateProductTest@6e6f2380]" started-at="2025-05-06T15:09:56 IST" name="createProductTest" finished-at="2025-05-06T15:09:56 IST" duration-ms="2" status="PASS">
          <reporter-output>
          </reporter-output>
        </test-method> <!-- createProductTest -->
      </class> <!-- pktest2.CreateProductTest -->
      <class name="pktest1.CreateOrgTest">
        <test-method signature="modifyOrgTest()[pri:0, instance:pktest1.CreateOrgTest@63376bed]" started-at="2025-05-06T15:09:56 IST" name="modifyOrgTest" finished-at="2025-05-06T15:09:56 IST" duration-ms="20" status="PASS">
          <reporter-output>
          </reporter-output>
        </test-method> <!-- modifyOrgTest -->
      </class> <!-- pktest1.CreateOrgTest -->
    </test> <!-- Test -->
  </suite> <!-- Suite -->
</testng-results>
